<?xml version="1.0" encoding="UTF-8" standalone="no"?><testsuite errors="0" failures="0" hostname="nas10-240-130-204.york.ac.uk" name="default.buildGoalTest" tests="3" time="0.341000"><properties>
[...]
</properties><testcase classname="default.buildGoalTest" name="checkSize" time="0.00400000"/><testcase classname="default.buildGoalTest" name="checkName" time="0.00300000"/><testcase classname="default.buildGoalTest" name="checkDescription" time="0.00300000"/><system-out>Test checkSize {} passed [cpu: 3 ms, wallclock: 4 ms]
Test checkName {} passed [cpu: 2 ms, wallclock: 3 ms]
Test checkDescription {} passed [cpu: 1 ms, wallclock: 3 ms]
Test root {} passed [cpu: 10 ms, wallclock: 341 ms]
</system-out><system-err/></testsuite>