<?xml version="1.0" encoding="UTF-8" standalone="no"?><testsuite errors="0" failures="0" hostname="DESKTOP-1U6K654" name="default.buildGoalTest" tests="3" time="0.421000"><properties>
[...]
</properties><testcase classname="default.buildGoalTest" name="checkSize" time="0.00700000"/><testcase classname="default.buildGoalTest" name="checkName" time="0.00200000"/><testcase classname="default.buildGoalTest" name="checkDescription" time="0.00200000"/><system-out>Test checkSize {} passed [cpu: 0 ms, wallclock: 7 ms]&#13;
Test checkName {} passed [cpu: 0 ms, wallclock: 2 ms]&#13;
Test checkDescription {} passed [cpu: 0 ms, wallclock: 2 ms]&#13;
Test root {} passed [cpu: 15 ms, wallclock: 421 ms]&#13;
</system-out><system-err/></testsuite>